[16:38:28] [Server thread/INFO]: Starting minecraft server version 1.8.9
[16:38:28] [Server thread/INFO]: Loading properties
[16:38:28] [Server thread/INFO]: Default game type: SURVIVAL
[16:38:28] [Server thread/INFO]: Generating keypair
[16:38:28] [Server thread/INFO]: Starting Minecraft server on *:25565
[16:38:28] [Server thread/INFO]: Using default channel type
[16:38:28] [Server thread/WARN]: Failed to load user banlist: 
java.io.FileNotFoundException: banned-players.json (The system cannot find the file specified)
	at java.base/java.io.FileInputStream.open0(Native Method) ~[?:?]
	at java.base/java.io.FileInputStream.open(FileInputStream.java:216) ~[?:?]
	at java.base/java.io.FileInputStream.<init>(FileInputStream.java:157) ~[?:?]
	at com.google.common.io.Files.newReader(Files.java:86) ~[vanilla-1.8.9.jar:?]
	at mb.g(SourceFile:124) ~[vanilla-1.8.9.jar:?]
	at kn.z(SourceFile:99) [vanilla-1.8.9.jar:?]
	at kn.<init>(SourceFile:25) [vanilla-1.8.9.jar:?]
	at ko.i(SourceFile:172) [vanilla-1.8.9.jar:?]
	at net.minecraft.server.MinecraftServer.run(SourceFile:421) [vanilla-1.8.9.jar:?]
	at java.base/java.lang.Thread.run(Thread.java:842) [?:?]
[16:38:28] [Server thread/WARN]: Failed to load ip banlist: 
java.io.FileNotFoundException: banned-ips.json (The system cannot find the file specified)
	at java.base/java.io.FileInputStream.open0(Native Method) ~[?:?]
	at java.base/java.io.FileInputStream.open(FileInputStream.java:216) ~[?:?]
	at java.base/java.io.FileInputStream.<init>(FileInputStream.java:157) ~[?:?]
	at com.google.common.io.Files.newReader(Files.java:86) ~[vanilla-1.8.9.jar:?]
	at mb.g(SourceFile:124) ~[vanilla-1.8.9.jar:?]
	at kn.y(SourceFile:91) [vanilla-1.8.9.jar:?]
	at kn.<init>(SourceFile:27) [vanilla-1.8.9.jar:?]
	at ko.i(SourceFile:172) [vanilla-1.8.9.jar:?]
	at net.minecraft.server.MinecraftServer.run(SourceFile:421) [vanilla-1.8.9.jar:?]
	at java.base/java.lang.Thread.run(Thread.java:842) [?:?]
[16:38:28] [Server thread/WARN]: Failed to load operators list: 
java.io.FileNotFoundException: ops.json (The system cannot find the file specified)
	at java.base/java.io.FileInputStream.open0(Native Method) ~[?:?]
	at java.base/java.io.FileInputStream.open(FileInputStream.java:216) ~[?:?]
	at java.base/java.io.FileInputStream.<init>(FileInputStream.java:157) ~[?:?]
	at com.google.common.io.Files.newReader(Files.java:86) ~[vanilla-1.8.9.jar:?]
	at mb.g(SourceFile:124) ~[vanilla-1.8.9.jar:?]
	at kn.A(SourceFile:107) [vanilla-1.8.9.jar:?]
	at kn.<init>(SourceFile:29) [vanilla-1.8.9.jar:?]
	at ko.i(SourceFile:172) [vanilla-1.8.9.jar:?]
	at net.minecraft.server.MinecraftServer.run(SourceFile:421) [vanilla-1.8.9.jar:?]
	at java.base/java.lang.Thread.run(Thread.java:842) [?:?]
[16:38:28] [Server thread/WARN]: Failed to load white-list: 
java.io.FileNotFoundException: whitelist.json (The system cannot find the file specified)
	at java.base/java.io.FileInputStream.open0(Native Method) ~[?:?]
	at java.base/java.io.FileInputStream.open(FileInputStream.java:216) ~[?:?]
	at java.base/java.io.FileInputStream.<init>(FileInputStream.java:157) ~[?:?]
	at com.google.common.io.Files.newReader(Files.java:86) ~[vanilla-1.8.9.jar:?]
	at mb.g(SourceFile:124) ~[vanilla-1.8.9.jar:?]
	at kn.C(SourceFile:123) [vanilla-1.8.9.jar:?]
	at kn.<init>(SourceFile:30) [vanilla-1.8.9.jar:?]
	at ko.i(SourceFile:172) [vanilla-1.8.9.jar:?]
	at net.minecraft.server.MinecraftServer.run(SourceFile:421) [vanilla-1.8.9.jar:?]
	at java.base/java.lang.Thread.run(Thread.java:842) [?:?]
[16:38:28] [Server thread/INFO]: Preparing level "world"
[16:38:28] [Server thread/INFO]: Preparing start region for level 0
[16:38:29] [Server thread/INFO]: Preparing spawn area: 22%
[16:38:30] [Server thread/INFO]: Preparing spawn area: 71%
[16:38:31] [Server thread/INFO]: Done (2.671s)! For help, type "help" or "?"
[16:39:00] [Server thread/INFO]: Stopping the server
[16:39:00] [Server thread/INFO]: Stopping server
[16:39:00] [Server thread/INFO]: Saving players
[16:39:00] [Server thread/INFO]: Saving worlds
[16:39:00] [Server thread/INFO]: Saving chunks for level 'world'/Overworld
[16:39:00] [Server thread/INFO]: Saving chunks for level 'world'/Nether
[16:39:00] [Server thread/INFO]: Saving chunks for level 'world'/The End
