[15:59:55] [Server thread/INFO]: Starting minecraft server version 1.8.8
[15:59:55] [Server thread/INFO]: Loading properties
[15:59:55] [Server thread/INFO]: Default game type: SURVIVAL
[15:59:55] [Server thread/INFO]: This server is running CraftBukkit version git-PaperSpigot-445 (MC: 1.8.8) (Implementing API version 1.8.8-R0.1-SNAPSHOT)
[15:59:55] [Server thread/INFO]: Unable to find file banned-players.json, creating it.
[15:59:55] [Server thread/INFO]: Unable to find file banned-ips.json, creating it.
[15:59:55] [Server thread/INFO]: Unable to find file ops.json, creating it.
[15:59:55] [Server thread/INFO]: Unable to find file whitelist.json, creating it.
[15:59:55] [Server thread/INFO]: Debug logging is disabled
[15:59:55] [Server thread/INFO]: Spigot Timings: true - Verbose: true - Interval: 5m - Length: 60m
[15:59:55] [Server thread/INFO]: Using 4 threads for Netty based IO
[15:59:55] [Server thread/INFO]: Server Ping Player Sample Count: 12

[15:59:55] [Server thread/INFO]: Data value allowed items: 
[15:59:55] [Server thread/WARN]: java.lang.NoSuchFieldException: modifiers

[15:59:55] [Server thread/WARN]: 	at java.base/java.lang.Class.getDeclaredField(Class.java:2610)

[15:59:55] [Server thread/WARN]: 	at org.github.paperspigot.PaperSpigotConfig.stackableBuckets(PaperSpigotConfig.java:192)

[15:59:55] [Server thread/WARN]: 	at java.base/jdk.internal.reflect.NativeMethodAccessorImpl.invoke0(Native Method)

[15:59:55] [Server thread/WARN]: 	at java.base/jdk.internal.reflect.NativeMethodAccessorImpl.invoke(NativeMethodAccessorImpl.java:77)

[15:59:55] [Server thread/WARN]: 	at java.base/jdk.internal.reflect.DelegatingMethodAccessorImpl.invoke(DelegatingMethodAccessorImpl.java:43)

[15:59:55] [Server thread/WARN]: 	at java.base/java.lang.reflect.Method.invoke(Method.java:568)

[15:59:55] [Server thread/WARN]: 	at org.github.paperspigot.PaperSpigotConfig.readConfig(PaperSpigotConfig.java:84)

[15:59:55] [Server thread/WARN]: 	at org.github.paperspigot.PaperSpigotConfig.init(PaperSpigotConfig.java:62)

[15:59:55] [Server thread/WARN]: 	at net.minecraft.server.v1_8_R3.DedicatedServer.init(DedicatedServer.java:181)

[15:59:55] [Server thread/WARN]: 	at net.minecraft.server.v1_8_R3.MinecraftServer.run(MinecraftServer.java:563)

[15:59:55] [Server thread/WARN]: 	at java.base/java.lang.Thread.run(Thread.java:842)

[15:59:55] [Server thread/INFO]: Generating keypair
[15:59:55] [Server thread/INFO]: Starting Minecraft server on *:25565
[15:59:55] [Server thread/INFO]: Using default channel type
[15:59:55] [Server thread/INFO]: Your platform does not provide complete low-level API for accessing direct buffers reliably. Unless explicitly requested, heap buffer will always be preferred to avoid potential system unstability.
[15:59:55] [Server thread/INFO]: **** Beginning UUID conversion, this may take A LONG time ****
[15:59:55] [Server thread/INFO]: Preparing level "world"
[15:59:55] [Server thread/INFO]: -------- World Settings For [world] --------
[15:59:55] [Server thread/INFO]: Arrow Despawn Rate: 1200
[15:59:55] [Server thread/INFO]: Item Despawn Rate: 6000
[15:59:55] [Server thread/INFO]: Item Merge Radius: 2.5
[15:59:55] [Server thread/INFO]: Allow Zombie Pigmen to spawn from portal blocks: true
[15:59:55] [Server thread/INFO]: Zombie Aggressive Towards Villager: true
[15:59:55] [Server thread/INFO]: View Distance: 10
[15:59:55] [Server thread/INFO]: Mob Spawn Range: 4
[15:59:55] [Server thread/INFO]: Anti X-Ray: true
[15:59:55] [Server thread/INFO]: 	Engine Mode: 1
[15:59:55] [Server thread/INFO]: 	Hidden Blocks: [14, 15, 16, 21, 48, 49, 54, 56, 73, 74, 82, 129, 130]
[15:59:55] [Server thread/INFO]: 	Replace Blocks: [1, 5]
[15:59:55] [Server thread/INFO]: Nerfing mobs spawned from spawners: false
[15:59:55] [Server thread/INFO]: Entity Activation Range: An 32 / Mo 32 / Mi 16
[15:59:55] [Server thread/INFO]: Cactus Growth Modifier: 100%
[15:59:55] [Server thread/INFO]: Cane Growth Modifier: 100%
[15:59:55] [Server thread/INFO]: Melon Growth Modifier: 100%
[15:59:55] [Server thread/INFO]: Mushroom Growth Modifier: 100%
[15:59:55] [Server thread/INFO]: Pumpkin Growth Modifier: 100%
[15:59:55] [Server thread/INFO]: Sapling Growth Modifier: 100%
[15:59:55] [Server thread/INFO]: Wheat Growth Modifier: 100%
[15:59:55] [Server thread/INFO]: NetherWart Growth Modifier: 100%
[15:59:55] [Server thread/INFO]: Entity Tracking Range: Pl 48 / An 48 / Mo 48 / Mi 32 / Other 64
[15:59:55] [Server thread/INFO]: Hopper Transfer: 8 Hopper Check: 8 Hopper Amount: 1
[15:59:55] [Server thread/INFO]: Structure Info Saving: true
[15:59:55] [Server thread/INFO]: Sending up to 10 chunks per packet
[15:59:55] [Server thread/INFO]: Random Lighting Updates: false
[15:59:55] [Server thread/INFO]: Max Entity Collisions: 8
[15:59:55] [Server thread/INFO]: Max TNT Explosions: 100
[15:59:55] [Server thread/INFO]: Tile Max Tick Time: 50ms Entity max Tick Time: 50ms
[15:59:55] [Server thread/INFO]: Custom Map Seeds:  Village: 10387312 Feature: 14357617
[15:59:55] [Server thread/INFO]: Chunks to Grow per Tick: 650
[15:59:55] [Server thread/INFO]: Clear tick list: false
[15:59:55] [Server thread/INFO]: Experience Merge Radius: 3.0
[15:59:55] [Server thread/INFO]: -------- World Settings For [world] --------
[15:59:55] [Server thread/INFO]: Fix TNT cannons: false
[15:59:55] [Server thread/INFO]: Water over lava flow speed: 5
[15:59:55] [Server thread/INFO]: Remove invalid mob spawner tile entities: true
[15:59:55] [Server thread/INFO]: Player blocking damage multiplier set to 0.5
[15:59:55] [Server thread/INFO]: Squids will spawn between Y: 45.0 and Y: 63.0
[15:59:55] [Server thread/INFO]: Max height for cactus growth 3. Max height for reed growth 3
[15:59:55] [Server thread/INFO]: Living Entity Despawn Ranges:  Soft: 32 Hard: 128
[15:59:55] [Server thread/INFO]: Allow undead horse types to be leashed: false
[15:59:55] [Server thread/INFO]: Keep spawn chunk loaded: true
[15:59:55] [Server thread/INFO]: World async lighting: false
[15:59:55] [Server thread/INFO]: WorldServer TickNextTick cap set at 10000
[15:59:55] [Server thread/INFO]: WorldServer TickNextTickList cap always processes redstone: false
[15:59:55] [Server thread/INFO]: -------- World Settings For [world_nether] --------
[15:59:55] [Server thread/INFO]: Arrow Despawn Rate: 1200
[15:59:55] [Server thread/INFO]: Item Despawn Rate: 6000
[15:59:55] [Server thread/INFO]: Item Merge Radius: 2.5
[15:59:55] [Server thread/INFO]: Allow Zombie Pigmen to spawn from portal blocks: true
[15:59:55] [Server thread/INFO]: Zombie Aggressive Towards Villager: true
[15:59:55] [Server thread/INFO]: View Distance: 10
[15:59:55] [Server thread/INFO]: Mob Spawn Range: 4
[15:59:55] [Server thread/INFO]: Anti X-Ray: true
[15:59:55] [Server thread/INFO]: 	Engine Mode: 1
[15:59:55] [Server thread/INFO]: 	Hidden Blocks: [14, 15, 16, 21, 48, 49, 54, 56, 73, 74, 82, 129, 130]
[15:59:55] [Server thread/INFO]: 	Replace Blocks: [1, 5]
[15:59:55] [Server thread/INFO]: Nerfing mobs spawned from spawners: false
[15:59:55] [Server thread/INFO]: Entity Activation Range: An 32 / Mo 32 / Mi 16
[15:59:55] [Server thread/INFO]: Cactus Growth Modifier: 100%
[15:59:55] [Server thread/INFO]: Cane Growth Modifier: 100%
[15:59:55] [Server thread/INFO]: Melon Growth Modifier: 100%
[15:59:55] [Server thread/INFO]: Mushroom Growth Modifier: 100%
[15:59:55] [Server thread/INFO]: Pumpkin Growth Modifier: 100%
[15:59:55] [Server thread/INFO]: Sapling Growth Modifier: 100%
[15:59:55] [Server thread/INFO]: Wheat Growth Modifier: 100%
[15:59:55] [Server thread/INFO]: NetherWart Growth Modifier: 100%
[15:59:55] [Server thread/INFO]: Entity Tracking Range: Pl 48 / An 48 / Mo 48 / Mi 32 / Other 64
[15:59:55] [Server thread/INFO]: Hopper Transfer: 8 Hopper Check: 8 Hopper Amount: 1
[15:59:55] [Server thread/INFO]: Structure Info Saving: true
[15:59:55] [Server thread/INFO]: Sending up to 10 chunks per packet
[15:59:55] [Server thread/INFO]: Random Lighting Updates: false
[15:59:55] [Server thread/INFO]: Max Entity Collisions: 8
[15:59:55] [Server thread/INFO]: Max TNT Explosions: 100
[15:59:55] [Server thread/INFO]: Tile Max Tick Time: 50ms Entity max Tick Time: 50ms
[15:59:55] [Server thread/INFO]: Custom Map Seeds:  Village: 10387312 Feature: 14357617
[15:59:55] [Server thread/INFO]: Chunks to Grow per Tick: 650
[15:59:55] [Server thread/INFO]: Clear tick list: false
[15:59:55] [Server thread/INFO]: Experience Merge Radius: 3.0
[15:59:55] [Server thread/INFO]: -------- World Settings For [world_nether] --------
[15:59:55] [Server thread/INFO]: Fix TNT cannons: false
[15:59:55] [Server thread/INFO]: Water over lava flow speed: 5
[15:59:55] [Server thread/INFO]: Remove invalid mob spawner tile entities: true
[15:59:55] [Server thread/INFO]: Player blocking damage multiplier set to 0.5
[15:59:55] [Server thread/INFO]: Squids will spawn between Y: 45.0 and Y: 63.0
[15:59:55] [Server thread/INFO]: Max height for cactus growth 3. Max height for reed growth 3
[15:59:55] [Server thread/INFO]: Living Entity Despawn Ranges:  Soft: 32 Hard: 128
[15:59:55] [Server thread/INFO]: Allow undead horse types to be leashed: false
[15:59:55] [Server thread/INFO]: Keep spawn chunk loaded: true
[15:59:55] [Server thread/INFO]: World async lighting: false
[15:59:55] [Server thread/INFO]: WorldServer TickNextTick cap set at 10000
[15:59:55] [Server thread/INFO]: WorldServer TickNextTickList cap always processes redstone: false
[15:59:55] [Server thread/INFO]: -------- World Settings For [world_the_end] --------
[15:59:55] [Server thread/INFO]: Arrow Despawn Rate: 1200
[15:59:55] [Server thread/INFO]: Item Despawn Rate: 6000
[15:59:55] [Server thread/INFO]: Item Merge Radius: 2.5
[15:59:55] [Server thread/INFO]: Allow Zombie Pigmen to spawn from portal blocks: true
[15:59:55] [Server thread/INFO]: Zombie Aggressive Towards Villager: true
[15:59:55] [Server thread/INFO]: View Distance: 10
[15:59:55] [Server thread/INFO]: Mob Spawn Range: 4
[15:59:55] [Server thread/INFO]: Anti X-Ray: true
[15:59:55] [Server thread/INFO]: 	Engine Mode: 1
[15:59:55] [Server thread/INFO]: 	Hidden Blocks: [14, 15, 16, 21, 48, 49, 54, 56, 73, 74, 82, 129, 130]
[15:59:55] [Server thread/INFO]: 	Replace Blocks: [1, 5]
[15:59:55] [Server thread/INFO]: Nerfing mobs spawned from spawners: false
[15:59:55] [Server thread/INFO]: Entity Activation Range: An 32 / Mo 32 / Mi 16
[15:59:55] [Server thread/INFO]: Cactus Growth Modifier: 100%
[15:59:55] [Server thread/INFO]: Cane Growth Modifier: 100%
[15:59:55] [Server thread/INFO]: Melon Growth Modifier: 100%
[15:59:55] [Server thread/INFO]: Mushroom Growth Modifier: 100%
[15:59:55] [Server thread/INFO]: Pumpkin Growth Modifier: 100%
[15:59:55] [Server thread/INFO]: Sapling Growth Modifier: 100%
[15:59:55] [Server thread/INFO]: Wheat Growth Modifier: 100%
[15:59:55] [Server thread/INFO]: NetherWart Growth Modifier: 100%
[15:59:55] [Server thread/INFO]: Entity Tracking Range: Pl 48 / An 48 / Mo 48 / Mi 32 / Other 64
[15:59:55] [Server thread/INFO]: Hopper Transfer: 8 Hopper Check: 8 Hopper Amount: 1
[15:59:55] [Server thread/INFO]: Structure Info Saving: true
[15:59:55] [Server thread/INFO]: Sending up to 10 chunks per packet
[15:59:55] [Server thread/INFO]: Random Lighting Updates: false
[15:59:55] [Server thread/INFO]: Max Entity Collisions: 8
[15:59:55] [Server thread/INFO]: Max TNT Explosions: 100
[15:59:55] [Server thread/INFO]: Tile Max Tick Time: 50ms Entity max Tick Time: 50ms
[15:59:55] [Server thread/INFO]: Custom Map Seeds:  Village: 10387312 Feature: 14357617
[15:59:55] [Server thread/INFO]: Chunks to Grow per Tick: 650
[15:59:55] [Server thread/INFO]: Clear tick list: false
[15:59:55] [Server thread/INFO]: Experience Merge Radius: 3.0
[15:59:55] [Server thread/INFO]: -------- World Settings For [world_the_end] --------
[15:59:55] [Server thread/INFO]: Fix TNT cannons: false
[15:59:55] [Server thread/INFO]: Water over lava flow speed: 5
[15:59:55] [Server thread/INFO]: Remove invalid mob spawner tile entities: true
[15:59:55] [Server thread/INFO]: Player blocking damage multiplier set to 0.5
[15:59:55] [Server thread/INFO]: Squids will spawn between Y: 45.0 and Y: 63.0
[15:59:55] [Server thread/INFO]: Max height for cactus growth 3. Max height for reed growth 3
[15:59:55] [Server thread/INFO]: Living Entity Despawn Ranges:  Soft: 32 Hard: 128
[15:59:55] [Server thread/INFO]: Allow undead horse types to be leashed: false
[15:59:55] [Server thread/INFO]: Keep spawn chunk loaded: true
[15:59:55] [Server thread/INFO]: World async lighting: false
[15:59:55] [Server thread/INFO]: WorldServer TickNextTick cap set at 10000
[15:59:55] [Server thread/INFO]: WorldServer TickNextTickList cap always processes redstone: false
[15:59:55] [Server thread/INFO]: Preparing start region for level 0 (Seed: 4526217307139811850)
[15:59:56] [Server thread/INFO]: Preparing spawn area: 24%
[15:59:57] [Server thread/INFO]: Preparing spawn area: 69%
[15:59:58] [Server thread/INFO]: Preparing start region for level 1 (Seed: 4526217307139811850)
[15:59:59] [Server thread/INFO]: Preparing spawn area: 68%
[15:59:59] [Server thread/INFO]: Preparing start region for level 2 (Seed: 4526217307139811850)
[16:00:00] [Server thread/INFO]: Done (4.833s)! For help, type "help" or "?"
[16:00:00] [Server thread/INFO]: Timings Reset
