[16:10:38] [main/INFO]: Loading Minecraft 1.15 with Fabric Loader 0.17.0
[16:10:38] [main/INFO]: Loading 4 mods:
	- fabricloader 0.17.0
	   \-- mixinextras 0.5.0
	- java 17
	- minecraft 1.15
[16:10:38] [main/INFO]: SpongePowered MIXIN Subsystem Version=0.8.7 Source=file:/C:/Users/vevaa/IdeaProjects/Minecraft%20Server%20Wizard/gar/libraries/net/fabricmc/sponge-mixin/0.16.3+mixin.0.8.7/sponge-mixin-0.16.3+mixin.0.8.7.jar Service=Knot/Fabric Env=SERVER
[16:10:42] [main/WARN]: Ambiguity between arguments [teleport, destination] and [teleport, targets] with inputs: [Player, 0123, @e, dd12be42-52a9-4a91-a8a1-11c01849e498]
[16:10:42] [main/WARN]: Ambiguity between arguments [teleport, location] and [teleport, destination] with inputs: [0.1 -0.5 .9, 0 0 0]
[16:10:42] [main/WARN]: Ambiguity between arguments [teleport, location] and [teleport, targets] with inputs: [0.1 -0.5 .9, 0 0 0]
[16:10:42] [main/WARN]: Ambiguity between arguments [teleport, targets] and [teleport, destination] with inputs: [Player, 0123, dd12be42-52a9-4a91-a8a1-11c01849e498]
[16:10:42] [main/WARN]: Ambiguity between arguments [teleport, targets, location] and [teleport, targets, destination] with inputs: [0.1 -0.5 .9, 0 0 0]
[16:10:42] [Server thread/INFO]: Starting minecraft server version 1.15
[16:10:42] [Server thread/INFO]: Loading properties
[16:10:42] [Server thread/INFO]: Default game type: SURVIVAL
[16:10:42] [Server thread/INFO]: Generating keypair
[16:10:42] [Server thread/INFO]: Starting Minecraft server on *:25565
[16:10:42] [Server thread/INFO]: Using default channel type
[16:10:43] [Server thread/INFO]: Preparing level "world"
[16:10:43] [Server thread/INFO]: Found new data pack vanilla, loading it automatically
[16:10:43] [Server thread/INFO]: Reloading ResourceManager: Default
[16:10:43] [Server thread/INFO]: Loaded 6 recipes
[16:10:44] [Server thread/INFO]: Loaded 825 advancements
[16:10:46] [Server thread/INFO]: Preparing start region for dimension minecraft:overworld
[16:10:46] [Server-Worker-5/INFO]: Preparing spawn area: 0%
[16:10:47] [Server-Worker-5/INFO]: Preparing spawn area: 1%
[16:10:47] [Server-Worker-4/INFO]: Preparing spawn area: 5%
[16:10:48] [Server-Worker-6/INFO]: Preparing spawn area: 14%
[16:10:48] [Server-Worker-4/INFO]: Preparing spawn area: 22%
[16:10:49] [Server-Worker-2/INFO]: Preparing spawn area: 31%
[16:10:49] [Server-Worker-4/INFO]: Preparing spawn area: 39%
[16:10:50] [Server-Worker-6/INFO]: Preparing spawn area: 52%
[16:10:50] [Server-Worker-3/INFO]: Preparing spawn area: 62%
[16:10:51] [Server-Worker-1/INFO]: Preparing spawn area: 74%
[16:10:51] [Server-Worker-6/INFO]: Preparing spawn area: 85%
[16:10:52] [Server-Worker-5/INFO]: Preparing spawn area: 96%
[16:10:52] [Server thread/INFO]: Time elapsed: 5658 ms
[16:10:52] [Server thread/INFO]: Done (9.254s)! For help, type "help"
[16:10:57] [Server thread/INFO]: Made Daddy a server operator
[16:11:19] [Server thread/INFO]: Stopping the server
[16:11:19] [Server thread/INFO]: Stopping server
[16:11:19] [Server thread/INFO]: Saving players
[16:11:19] [Server thread/INFO]: Saving worlds
[16:11:19] [Server thread/INFO]: Saving chunks for level 'world'/minecraft:the_nether
[16:11:19] [Server thread/INFO]: ThreadedAnvilChunkStorage (DIM-1): All chunks are saved
[16:11:19] [Server thread/INFO]: Saving chunks for level 'world'/minecraft:overworld
[16:11:20] [Server thread/INFO]: ThreadedAnvilChunkStorage (world): All chunks are saved
[16:11:20] [Server thread/INFO]: Saving chunks for level 'world'/minecraft:the_end
[16:11:20] [Server thread/INFO]: ThreadedAnvilChunkStorage (DIM1): All chunks are saved
[16:11:20] [Server thread/INFO]: ThreadedAnvilChunkStorage (DIM-1): All chunks are saved
[16:11:20] [Server thread/INFO]: ThreadedAnvilChunkStorage (world): All chunks are saved
[16:11:20] [Server thread/INFO]: ThreadedAnvilChunkStorage (DIM1): All chunks are saved
