#
# There is insufficient memory for the Java Runtime Environment to continue.
# Native memory allocation (mmap) failed to map 10995116277760 bytes for G1 virtual space
# Possible reasons:
#   The system is out of physical RAM or swap space
# Possible solutions:
#   Reduce memory load on the system
#   Increase physical memory or swap space
#   Check if swap backing store is full
#   Decrease Java heap size (-Xmx/-Xms)
#   Decrease number of Java threads
#   Decrease Java thread stack sizes (-Xss)
#   Set larger code cache with -XX:ReservedCodeCacheSize=
# This output file may be truncated or incomplete.
#
#  Out of Memory Error (os_windows.cpp:3552), pid=206000, tid=206024
#
# JRE version:  (17.0.9+11) (build )
# Java VM: Java HotSpot(TM) 64-Bit Server VM (17.0.9+11-LTS-201, mixed mode, sharing, tiered, compressed class ptrs, g1 gc, windows-amd64)
# No core dump will be written. Minidumps are not enabled by default on client versions of Windows
#

---------------  S U M M A R Y ------------

Command Line: -Xms10240G -Xmx10240G --add-modules=jdk.incubator.vector -XX:+UseG1GC -XX:+ParallelRefProcEnabled -XX:MaxGCPauseMillis=200 -XX:+UnlockExperimentalVMOptions -XX:+DisableExplicitGC -XX:+AlwaysPreTouch -XX:G1HeapWastePercent=5 -XX:G1MixedGCCountTarget=4 -XX:InitiatingHeapOccupancyPercent=15 -XX:G1MixedGCLiveThresholdPercent=90 -XX:G1RSetUpdatingPauseTimePercent=5 -XX:SurvivorRatio=32 -XX:+PerfDisableSharedMem -XX:MaxTenuringThreshold=1 -Dusing.aikars.flags=https://mcflags.emc.gs -Daikars.new.flags=true -XX:G1NewSizePercent=40 -XX:G1MaxNewSizePercent=50 -XX:G1HeapRegionSize=16M -XX:G1ReservePercent=15 paper-1.8.8.jar

Host: AMD Ryzen 9 7900X 12-Core Processor            , 24 cores, 31G,  Windows 11 , 64 bit Build 26100 (10.0.26100.4484)
Time: Sat Aug  2 01:31:29 2025 Pacific Daylight Time elapsed time: 0.361955 seconds (0d 0h 0m 0s)

---------------  T H R E A D  ---------------

Current thread (0x0000029726634550):  JavaThread "Unknown thread" [_thread_in_vm, id=206024, stack(0x000000c5f6b00000,0x000000c5f6c00000)]

Stack: [0x000000c5f6b00000,0x000000c5f6c00000]
Native frames: (J=compiled Java code, j=interpreted, Vv=VM code, C=native code)
V  [jvm.dll+0x678a4a]
V  [jvm.dll+0x7d9cfd]
V  [jvm.dll+0x7db60e]
V  [jvm.dll+0x7dbc73]
V  [jvm.dll+0x245e1f]
V  [jvm.dll+0x6758f9]
V  [jvm.dll+0x66a2a2]
V  [jvm.dll+0x303686]
V  [jvm.dll+0x30ac06]
V  [jvm.dll+0x35a48e]
V  [jvm.dll+0x35a6bf]
V  [jvm.dll+0x2da678]
V  [jvm.dll+0x2db5e4]
V  [jvm.dll+0x7ab6b1]
V  [jvm.dll+0x368041]
V  [jvm.dll+0x78a749]
V  [jvm.dll+0x3ebd4f]
V  [jvm.dll+0x3ed7d1]
C  [jli.dll+0x5297]
C  [ucrtbase.dll+0x37b0]
C  [KERNEL32.DLL+0x2e8d7]
C  [ntdll.dll+0x3c34c]


---------------  P R O C E S S  ---------------

Threads class SMR info:
_java_thread_list=0x00007ffbb0b989d8, length=0, elements={
}

Java Threads: ( => current thread )

Other Threads:
  0x000002973dea63f0 GCTaskThread "GC Thread#0" [stack: 0x000000c5f6c00000,0x000000c5f6d00000] [id=206340]
  0x0000029726654af0 ConcurrentGCThread "G1 Main Marker" [stack: 0x000000c5f6d00000,0x000000c5f6e00000] [id=206344]
  0x000002973dea8c20 ConcurrentGCThread "G1 Conc#0" [stack: 0x000000c5f6e00000,0x000000c5f6f00000] [id=206348]

[error occurred during error reporting (printing all threads), id 0xc0000005, EXCEPTION_ACCESS_VIOLATION (0xc0000005) at pc=0x00007ffbb03cb2d7]

VM state: not at safepoint (not fully initialized)

VM Mutex/Monitor currently owned by a thread:  ([mutex/lock_event])
[0x0000029726630d60] Heap_lock - owner thread: 0x0000029726634550

CDS archive(s) mapped at: [0x0000000000000000-0x0000000000000000-0x0000000000000000), size 0, SharedBaseAddress: 0x0000000800000000, ArchiveRelocationMode: 1.
Narrow klass base: 0x0000000000000000, Narrow klass shift: 0, Narrow klass range: 0x0

GC Precious Log:
<Empty>

Heap:
 garbage-first heap   total 0K, used 0K [0x000002973e000000, 0x00000c973e000000)
  region size 16384K, 0 young (0K), 0 survivors (0K)

[error occurred during error reporting (printing heap information), id 0xc0000005, EXCEPTION_ACCESS_VIOLATION (0xc0000005) at pc=0x00007ffbb07b2229]

GC Heap History (0 events):
No events

Deoptimization events (0 events):
No events

Classes unloaded (0 events):
No events

Classes redefined (0 events):
No events

Internal exceptions (0 events):
No events

VM Operations (0 events):
No events

Events (1 events):
Event: 0.004 Loaded shared library C:\Program Files\Java\jdk-17\bin\java.dll


Dynamic libraries:
0x00007ff655cf0000 - 0x00007ff655d00000 	C:\Program Files\Java\jdk-17\bin\java.exe
0x00007ffd135a0000 - 0x00007ffd13808000 	C:\WINDOWS\SYSTEM32\ntdll.dll
0x00007ffd12700000 - 0x00007ffd127c9000 	C:\WINDOWS\System32\KERNEL32.DLL
0x00007ffd10a80000 - 0x00007ffd10e6d000 	C:\WINDOWS\System32\KERNELBASE.dll
0x00007ffd10f30000 - 0x00007ffd1107b000 	C:\WINDOWS\System32\ucrtbase.dll
0x00007ffcc90f0000 - 0x00007ffcc9109000 	C:\Program Files\Java\jdk-17\bin\jli.dll
0x00007ffcc8990000 - 0x00007ffcc89ab000 	C:\Program Files\Java\jdk-17\bin\VCRUNTIME140.dll
0x00007ffd12640000 - 0x00007ffd126f4000 	C:\WINDOWS\System32\ADVAPI32.dll
0x00007ffd12580000 - 0x00007ffd12629000 	C:\WINDOWS\System32\msvcrt.dll
0x00007ffd12ba0000 - 0x00007ffd12c46000 	C:\WINDOWS\System32\sechost.dll
0x00007ffd12a10000 - 0x00007ffd12b28000 	C:\WINDOWS\System32\RPCRT4.dll
0x00007ffd12c50000 - 0x00007ffd12e1c000 	C:\WINDOWS\System32\USER32.dll
0x00007ffd10790000 - 0x00007ffd107b7000 	C:\WINDOWS\System32\win32u.dll
0x00007ffcf4cf0000 - 0x00007ffcf4f8a000 	C:\WINDOWS\WinSxS\amd64_microsoft.windows.common-controls_6595b64144ccf1df_6.0.26100.4484_none_3e0e6d4ce32ef3b3\COMCTL32.dll
0x00007ffd130e0000 - 0x00007ffd1310b000 	C:\WINDOWS\System32\GDI32.dll
0x00007ffd107c0000 - 0x00007ffd108f7000 	C:\WINDOWS\System32\gdi32full.dll
0x00007ffd11080000 - 0x00007ffd11123000 	C:\WINDOWS\System32\msvcp_win.dll
0x00007ffd09480000 - 0x00007ffd0948b000 	C:\WINDOWS\SYSTEM32\VERSION.dll
0x00007ffd11ce0000 - 0x00007ffd11d0f000 	C:\WINDOWS\System32\IMM32.DLL
0x00007ffce0780000 - 0x00007ffce078c000 	C:\Program Files\Java\jdk-17\bin\vcruntime140_1.dll
0x00007ffc842f0000 - 0x00007ffc8437e000 	C:\Program Files\Java\jdk-17\bin\msvcp140.dll
0x00007ffbb00e0000 - 0x00007ffbb0cc1000 	C:\Program Files\Java\jdk-17\bin\server\jvm.dll
0x00007ffd12980000 - 0x00007ffd12988000 	C:\WINDOWS\System32\PSAPI.DLL
0x00007ffd0afa0000 - 0x00007ffd0afaa000 	C:\WINDOWS\SYSTEM32\WSOCK32.dll
0x00007ffd03890000 - 0x00007ffd038c5000 	C:\WINDOWS\SYSTEM32\WINMM.dll
0x00007ffd12990000 - 0x00007ffd12a04000 	C:\WINDOWS\System32\WS2_32.dll
0x00007ffd0f470000 - 0x00007ffd0f48b000 	C:\WINDOWS\SYSTEM32\kernel.appcore.dll
0x00007ffcc9600000 - 0x00007ffcc960a000 	C:\Program Files\Java\jdk-17\bin\jimage.dll
0x00007ffd0d7a0000 - 0x00007ffd0d9e1000 	C:\WINDOWS\SYSTEM32\DBGHELP.DLL
0x00007ffd113d0000 - 0x00007ffd11756000 	C:\WINDOWS\System32\combase.dll
0x00007ffd11760000 - 0x00007ffd11840000 	C:\WINDOWS\System32\OLEAUT32.dll
0x00007ffcf1880000 - 0x00007ffcf18c3000 	C:\WINDOWS\SYSTEM32\dbgcore.DLL
0x00007ffd106f0000 - 0x00007ffd10789000 	C:\WINDOWS\System32\bcryptPrimitives.dll
0x00007ffcc86a0000 - 0x00007ffcc86c5000 	C:\Program Files\Java\jdk-17\bin\java.dll

dbghelp: loaded successfully - version: 4.0.5 - missing functions: none
symbol engine: initialized successfully - sym options: 0x614 - pdb path: .;C:\Program Files\Java\jdk-17\bin;C:\WINDOWS\SYSTEM32;C:\WINDOWS\WinSxS\amd64_microsoft.windows.common-controls_6595b64144ccf1df_6.0.26100.4484_none_3e0e6d4ce32ef3b3;C:\Program Files\Java\jdk-17\bin\server

VM Arguments:
jvm_args: -Xms10240G -Xmx10240G --add-modules=jdk.incubator.vector -XX:+UseG1GC -XX:+ParallelRefProcEnabled -XX:MaxGCPauseMillis=200 -XX:+UnlockExperimentalVMOptions -XX:+DisableExplicitGC -XX:+AlwaysPreTouch -XX:G1HeapWastePercent=5 -XX:G1MixedGCCountTarget=4 -XX:InitiatingHeapOccupancyPercent=15 -XX:G1MixedGCLiveThresholdPercent=90 -XX:G1RSetUpdatingPauseTimePercent=5 -XX:SurvivorRatio=32 -XX:+PerfDisableSharedMem -XX:MaxTenuringThreshold=1 -Dusing.aikars.flags=https://mcflags.emc.gs -Daikars.new.flags=true -XX:G1NewSizePercent=40 -XX:G1MaxNewSizePercent=50 -XX:G1HeapRegionSize=16M -XX:G1ReservePercent=15 
java_command: paper-1.8.8.jar
java_class_path (initial): paper-1.8.8.jar
Launcher Type: SUN_STANDARD

[Global flags]
     bool AlwaysPreTouch                           = true                                      {product} {command line}
     bool AlwaysTenure                             = false                                     {product} {command line}
     intx CICompilerCount                          = 12                                        {product} {ergonomic}
     uint ConcGCThreads                            = 5                                         {product} {ergonomic}
     bool DisableExplicitGC                        = true                                      {product} {command line}
     uint G1ConcRefinementThreads                  = 18                                        {product} {ergonomic}
     uint G1EagerReclaimRemSetThreshold            = 128                                  {experimental} {ergonomic}
   size_t G1HeapRegionSize                         = 16777216                                  {product} {command line}
    uintx G1HeapWastePercent                       = 5                                         {product} {command line}
    uintx G1MaxNewSizePercent                      = 50                                   {experimental} {command line}
    uintx G1MixedGCCountTarget                     = 4                                         {product} {command line}
    uintx G1MixedGCLiveThresholdPercent            = 90                                   {experimental} {command line}
    uintx G1NewSizePercent                         = 40                                   {experimental} {command line}
     intx G1RSetUpdatingPauseTimePercent           = 5                                         {product} {command line}
    uintx G1ReservePercent                         = 15                                        {product} {command line}
    uintx GCDrainStackTargetSize                   = 64                                        {product} {ergonomic}
   size_t InitialHeapSize                          = 10995116277760                            {product} {command line}
    uintx InitialTenuringThreshold                 = 1                                         {product} {ergonomic}
    uintx InitiatingHeapOccupancyPercent           = 15                                        {product} {command line}
   size_t MarkStackSize                            = 4194304                                   {product} {ergonomic}
    uintx MaxGCPauseMillis                         = 200                                       {product} {command line}
   size_t MaxHeapSize                              = 10995116277760                            {product} {command line}
    uintx MaxTenuringThreshold                     = 1                                         {product} {command line}
   size_t MinHeapDeltaBytes                        = 16777216                                  {product} {ergonomic}
   size_t MinHeapSize                              = 10995116277760                            {product} {command line}
     bool NeverTenure                              = false                                     {product} {command line}
    uintx NonNMethodCodeHeapSize                   = 7602480                                {pd product} {ergonomic}
    uintx NonProfiledCodeHeapSize                  = 122027880                              {pd product} {ergonomic}
     bool ParallelRefProcEnabled                   = true                                      {product} {command line}
     bool PerfDisableSharedMem                     = true                                      {product} {command line}
    uintx ProfiledCodeHeapSize                     = 122027880                              {pd product} {ergonomic}
    uintx ReservedCodeCacheSize                    = 251658240                              {pd product} {ergonomic}
     bool SegmentedCodeCache                       = true                                      {product} {ergonomic}
   size_t SoftMaxHeapSize                          = 10995116277760                         {manageable} {ergonomic}
    uintx SurvivorRatio                            = 32                                        {product} {command line}
     bool UnlockExperimentalVMOptions              = true                                 {experimental} {command line}
     bool UseCompressedClassPointers               = true                           {product lp64_product} {ergonomic}
     bool UseG1GC                                  = true                                      {product} {command line}
     bool UseLargePagesIndividualAllocation        = false                                  {pd product} {ergonomic}

Logging:
Log output configuration:
 #0: stdout all=warning uptime,level,tags
 #1: stderr all=off uptime,level,tags

Environment Variables:
PATH=C:\Program Files\NVIDIA GPU Computing Toolkit\CUDA\v11.8\bin;C:\Program Files\NVIDIA GPU Computing Toolkit\CUDA\v11.8\libnvvp;C:\Program Files\Common Files\Oracle\Java\javapath;C:\Program Files\Oculus\Support\oculus-runtime;C:\Program Files (x86)\Razer Chroma SDK\bin;C:\Program Files\Razer Chroma SDK\bin;C:\Program Files (x86)\Razer\ChromaBroadcast\bin;C:\Program Files\Razer\ChromaBroadcast\bin;C:\Program Files\Zulu\zulu-21\bin\;C:\Windows\system32;C:\Windows;C:\Windows\System32\Wbem;C:\Windows\System32\WindowsPowerShell\v1.0\;C:\Windows\System32\OpenSSH\;C:\Program Files (x86)\NVIDIA Corporation\PhysX\Common;C:\Users\vevaa\AppData\Local\Microsoft\WindowsApps;C:\Users\vevaa\AppData\Local\Programs\Microsoft VS Code\bin;C:\Users\vevaa\AppData\Local\GitHubDesktop\bin;C:\Program Files\dotnet\;C:\Program Files\Microsoft SQL Server\150\Tools\Binn\;C:\Program Files\NVIDIA Corporation\Nsight Compute 2022.3.0\;C:\Program Files\Git\cmd;C:\Program Files\NVIDIA Corporation\NVIDIA app\NvDLISR;C:\WINDOWS\system32;C:\WINDOWS;C:\WINDOWS\System32\Wbem;C:\WINDOWS\System32\WindowsPowerShell\v1.0\;C:\WINDOWS\System32\OpenSSH\;C:\Program Files (x86)\Windows Kits\10\Windows Performance Toolkit\;C:\Program Files\NVIDIA GPU Computing Toolkit\CUDA\v11.8\bin;C:\Program Files\NVIDIA GPU Computing Toolkit\CUDA\v11.8\libnvvp;C:\Program Files\Common Files\Oracle\Java\javapath;C:\Program Files\Oculus\Support\oculus-runtime;C:\Program Files (x86)\Razer Chroma SDK\bin;C:\Program Files\Razer Chroma SDK\bin;C:\Program Files (x86)\Razer\ChromaBroadcast\bin;C:\Program Files\Razer\ChromaBroadcast\bin;C:\Program Files\Zulu\zulu-21\bin\;C:\Windows\system32;C:\Windows;C:\Windows\System32\Wbem;C:\Windows\System32\WindowsPowerShell\v1.0\;C:\Windows\System32\OpenSSH\;C:\Program Files (x86)\NVIDIA Corporation\PhysX\Common;C:\Program Files\NVIDIA Corporation\NVIDIA NvDLISR;C:\Users\vevaa\AppData\Local\Microsoft\WindowsApps;C:\Users\vevaa\AppData\Local\Programs\Microsoft VS Code\bin;C:\Users\vevaa\AppData\Loca
USERNAME=vevaa
OS=Windows_NT
PROCESSOR_IDENTIFIER=AMD64 Family 25 Model 97 Stepping 2, AuthenticAMD



---------------  S Y S T E M  ---------------

OS:
 Windows 11 , 64 bit Build 26100 (10.0.26100.4484)
OS uptime: 1 days 11:11 hours
Hyper-V role detected

CPU: total 24 (initial active 24) (24 cores per cpu, 2 threads per core) family 25 model 97 stepping 2 microcode 0xa601203, cx8, cmov, fxsr, ht, mmx, 3dnowpref, sse, sse2, sse3, ssse3, sse4a, sse4.1, sse4.2, popcnt, lzcnt, tsc, tscinvbit, avx, avx2, aes, erms, clmul, bmi1, bmi2, adx, avx512f, avx512dq, avx512cd, avx512bw, avx512vl, sha, fma, vzeroupper, avx512_vpopcntdq, avx512_vpclmulqdq, avx512_vaes, avx512_vnni, clflush, clflushopt, avx512_vbmi2, avx512_vbmi, hv

Memory: 4k page, system-wide physical 31904M (7444M free)
TotalPageFile size 72864M (AvailPageFile size 30579M)
current process WorkingSet (physical memory assigned to process): 714M, peak: 714M
current process commit charge ("private bytes"): 955M, peak: 10486715M

vm_info: Java HotSpot(TM) 64-Bit Server VM (17.0.9+11-LTS-201) for windows-amd64 JRE (17.0.9+11-LTS-201), built on Oct 10 2023 23:16:06 by "mach5one" with MS VC++ 17.1 (VS2022)

END.
